<?xml version="1.0" encoding="UTF-8"?>
<testng-results ignored="0" total="2" passed="1" failed="1" skipped="0">
  <reporter-output>
  </reporter-output>
  <suite started-at="2025-03-04T16:40:24 IST" name="Sanity" finished-at="2025-03-04T16:52:52 IST" duration-ms="748489">
    <groups>
    </groups>
    <test started-at="2025-03-04T16:40:24 IST" name="initializeTest" finished-at="2025-03-04T16:52:52 IST" duration-ms="748489">
      <class name="com.ot.automation.tests.SanityUnits">
        <test-method is-config="true" signature="beforeTest(java.lang.String,java.lang.String,java.lang.String,java.lang.String,java.lang.String,java.lang.String)[pri:0, instance:com.ot.automation.tests.SanityUnits@5dcb4f5f]" started-at="2025-03-04T16:40:19 IST" name="beforeTest" finished-at="2025-03-04T16:40:24 IST" duration-ms="4544" status="PASS">
          <params>
            <param index="0">
              <value>
                <![CDATA[https://integration-master-dev.almoctane.com]]>
              </value>
            </param>
            <param index="1">
              <value>
                <![CDATA[]]>
              </value>
            </param>
            <param index="2">
              <value>
                <![CDATA[Daily_Automation_Internal_040325_fUO_181046696]]>
              </value>
            </param>
            <param index="3">
              <value>
                <![CDATA[automation_workspace]]>
              </value>
            </param>
            <param index="4">
              <value>
                <![CDATA[mqm_rnd@hpe.com]]>
              </value>
            </param>
            <param index="5">
              <value>
                <![CDATA[JustK33pGoing!]]>
              </value>
            </param>
          </params>
          <reporter-output>
          </reporter-output>
        </test-method> <!-- beforeTest -->
        <test-method signature="loginOctaneUnit()[pri:0, instance:com.ot.automation.tests.SanityUnits@5dcb4f5f]" started-at="2025-03-04T16:40:24 IST" name="loginOctaneUnit" finished-at="2025-03-04T16:41:03 IST" duration-ms="38720" status="PASS">
          <reporter-output>
          </reporter-output>
        </test-method> <!-- loginOctaneUnit -->
        <test-method signature="sanityTestExecutionMbtDPUnit()[pri:0, instance:com.ot.automation.tests.SanityUnits@5dcb4f5f]" started-at="2025-03-04T16:41:03 IST" name="sanityTestExecutionMbtDPUnit" finished-at="2025-03-04T16:52:52 IST" duration-ms="709725" status="FAIL">
          <exception class="java.lang.AssertionError">
            <message>
              <![CDATA[General run status not as expected. Expected: 1 passed, 0 failed, 0 skipped. Actual: 0 passed, 1 failed, 0 skipped. expected [true] but found [false]]]>
            </message>
            <full-stacktrace>
              <![CDATA[java.lang.AssertionError: General run status not as expected. Expected: 1 passed, 0 failed, 0 skipped. Actual: 0 passed, 1 failed, 0 skipped. expected [true] but found [false]
at org.testng.Assert.fail(Assert.java:111)
at org.testng.Assert.failNotEquals(Assert.java:1578)
at org.testng.Assert.assertTrue(Assert.java:57)
at com.ot.automation.tests.SanityUnits.expectGeneralRunStatus(SanityUnits.java:1408)
at com.ot.automation.tests.SanityUnits.sanityTestExecutionMbtDPUnit(SanityUnits.java:713)
at java.base/jdk.internal.reflect.DirectMethodHandleAccessor.invoke(DirectMethodHandleAccessor.java:103)
at java.base/java.lang.reflect.Method.invoke(Method.java:580)
at org.testng.internal.invokers.MethodInvocationHelper.invokeMethod(MethodInvocationHelper.java:139)
at org.testng.internal.invokers.TestInvoker.invokeMethod(TestInvoker.java:664)
at org.testng.internal.invokers.TestInvoker.invokeTestMethod(TestInvoker.java:227)
at org.testng.internal.invokers.MethodRunner.runInSequence(MethodRunner.java:50)
at org.testng.internal.invokers.TestInvoker$MethodInvocationAgent.invoke(TestInvoker.java:957)
at org.testng.internal.invokers.TestInvoker.invokeTestMethods(TestInvoker.java:200)
at org.testng.internal.invokers.TestMethodWorker.invokeTestMethods(TestMethodWorker.java:148)
at org.testng.internal.invokers.TestMethodWorker.run(TestMethodWorker.java:128)
at java.base/java.util.ArrayList.forEach(ArrayList.java:1596)
at org.testng.TestRunner.privateRun(TestRunner.java:848)
at org.testng.TestRunner.run(TestRunner.java:621)
at org.testng.SuiteRunner.runTest(SuiteRunner.java:443)
at org.testng.SuiteRunner.runSequentially(SuiteRunner.java:437)
at org.testng.SuiteRunner.privateRun(SuiteRunner.java:397)
at org.testng.SuiteRunner.run(SuiteRunner.java:336)
at org.testng.SuiteRunnerWorker.runSuite(SuiteRunnerWorker.java:52)
at org.testng.SuiteRunnerWorker.run(SuiteRunnerWorker.java:95)
at org.testng.TestNG.runSuitesSequentially(TestNG.java:1280)
at org.testng.TestNG.runSuitesLocally(TestNG.java:1200)
at org.testng.TestNG.runSuites(TestNG.java:1114)
at org.testng.TestNG.run(TestNG.java:1082)
at org.apache.maven.surefire.testng.TestNGExecutor.run(TestNGExecutor.java:284)
at org.apache.maven.surefire.testng.TestNGXmlTestSuite.execute(TestNGXmlTestSuite.java:75)
at org.apache.maven.surefire.testng.TestNGProvider.invoke(TestNGProvider.java:119)
at org.apache.maven.surefire.booter.ForkedBooter.runSuitesInProcess(ForkedBooter.java:428)
at org.apache.maven.surefire.booter.ForkedBooter.execute(ForkedBooter.java:162)
at org.apache.maven.surefire.booter.ForkedBooter.run(ForkedBooter.java:562)
at org.apache.maven.surefire.booter.ForkedBooter.main(ForkedBooter.java:548)
]]>
            </full-stacktrace>
          </exception> <!-- java.lang.AssertionError -->
          <reporter-output>
          </reporter-output>
        </test-method> <!-- sanityTestExecutionMbtDPUnit -->
        <test-method is-config="true" signature="logoutOctane()[pri:0, instance:com.ot.automation.tests.SanityUnits@5dcb4f5f]" started-at="2025-03-04T16:52:52 IST" name="logoutOctane" finished-at="2025-03-04T16:53:27 IST" duration-ms="34935" status="PASS">
          <reporter-output>
          </reporter-output>
        </test-method> <!-- logoutOctane -->
      </class> <!-- com.ot.automation.tests.SanityUnits -->
    </test> <!-- initializeTest -->
  </suite> <!-- Sanity -->
</testng-results>
