<?xml version="1.0" encoding="UTF-8"?>
<!-- Generated by org.testng.reporters.JUnitXMLReporter -->
<testsuite ignored="26" hostname="ILKARATR02" failures="1" tests="2" name="initializeTest" time="748.489" errors="0" timestamp="2025-03-04T16:52:52 IST">
  <testcase classname="com.ot.automation.tests.SanityUnits" name="loginOctaneUnit" time="38.72"/>
  <testcase classname="com.ot.automation.tests.SanityUnits" name="sanityTestExecutionMbtDPUnit" time="709.725">
    <failure type="java.lang.AssertionError" message="General run status not as expected. Expected: 1 passed, 0 failed, 0 skipped. Actual: 0 passed, 1 failed, 0 skipped. expected [true] but found [false]">
      <![CDATA[java.lang.AssertionError: General run status not as expected. Expected: 1 passed, 0 failed, 0 skipped. Actual: 0 passed, 1 failed, 0 skipped. expected [true] but found [false]
at com.ot.automation.tests.SanityUnits.expectGeneralRunStatus(SanityUnits.java:1408)
at com.ot.automation.tests.SanityUnits.sanityTestExecutionMbtDPUnit(SanityUnits.java:713)
at java.base/java.util.ArrayList.forEach(ArrayList.java:1596)
... Removed 32 stack frames]]>
    </failure>
  </testcase> <!-- sanityTestExecutionMbtDPUnit -->
  <testcase classname="com.ot.automation.tests.SanityUnits" name="beforeTest" time="0.0">
    <ignored/>
  </testcase> <!-- beforeTest -->
  <testcase classname="com.ot.automation.tests.SanityUnits" name="sanityTestExecutionUftRecurringUnit" time="0.0">
    <ignored/>
  </testcase> <!-- sanityTestExecutionUftRecurringUnit -->
  <testcase classname="com.ot.automation.tests.SanityUnits" name="sanityTestExecutionMBTJenkinsUnit" time="0.0">
    <ignored/>
  </testcase> <!-- sanityTestExecutionMBTJenkinsUnit -->
  <testcase classname="com.ot.automation.tests.SanityUnits" name="sanityTestCreateJenkinsCIAndRunner" time="0.0">
    <ignored/>
  </testcase> <!-- sanityTestCreateJenkinsCIAndRunner -->
  <testcase classname="com.ot.automation.tests.SanityUnits" name="sanityTestExecutionIterationMbtUftUnit" time="0.0">
    <ignored/>
  </testcase> <!-- sanityTestExecutionIterationMbtUftUnit -->
  <testcase classname="com.ot.automation.tests.SanityUnits" name="sanityTestReportMbtUFTUnit" time="0.0">
    <ignored/>
  </testcase> <!-- sanityTestReportMbtUFTUnit -->
  <testcase classname="com.ot.automation.tests.SanityUnits" name="validateTestRunnersTabUnit" time="0.0">
    <ignored/>
  </testcase> <!-- validateTestRunnersTabUnit -->
  <testcase classname="com.ot.automation.tests.SanityUnits" name="sanityTestExecutionSeleniumUnit" time="0.0">
    <ignored/>
  </testcase> <!-- sanityTestExecutionSeleniumUnit -->
  <testcase classname="com.ot.automation.tests.SanityUnits" name="sanityTestSkippedSchedule" time="0.0">
    <ignored/>
  </testcase> <!-- sanityTestSkippedSchedule -->
  <testcase classname="com.ot.automation.tests.SanityUnits" name="sanityTestExecutionStorage" time="0.0">
    <ignored/>
  </testcase> <!-- sanityTestExecutionStorage -->
  <testcase classname="com.ot.automation.tests.SanityUnits" name="sanityTestExecutionMobileUnit" time="0.0">
    <ignored/>
  </testcase> <!-- sanityTestExecutionMobileUnit -->
  <testcase classname="com.ot.automation.tests.SanityUnits" name="validateCIServerConnectedUnit" time="0.0">
    <ignored/>
  </testcase> <!-- validateCIServerConnectedUnit -->
  <testcase classname="com.ot.automation.tests.SanityUnits" name="sanityTestReportMbtUftParallel" time="0.0">
    <ignored/>
  </testcase> <!-- sanityTestReportMbtUftParallel -->
  <testcase classname="com.ot.automation.tests.SanityUnits" name="sanityTestExecutionBrowsersUnit" time="0.0">
    <ignored/>
  </testcase> <!-- sanityTestExecutionBrowsersUnit -->
  <testcase classname="com.ot.automation.tests.SanityUnits" name="createTenantUnit" time="0.0">
    <ignored/>
  </testcase> <!-- createTenantUnit -->
  <testcase classname="com.ot.automation.tests.SanityUnits" name="sanityTestExecutionUFTJenkinsUnit" time="0.0">
    <ignored/>
  </testcase> <!-- sanityTestExecutionUFTJenkinsUnit -->
  <testcase classname="com.ot.automation.tests.SanityUnits" name="validateCodelessRunnerCreated" time="0.0">
    <ignored/>
  </testcase> <!-- validateCodelessRunnerCreated -->
  <testcase classname="com.ot.automation.tests.SanityUnits" name="sanityTestExecutionIterationMbtSeleniumUnit" time="0.0">
    <ignored/>
  </testcase> <!-- sanityTestExecutionIterationMbtSeleniumUnit -->
  <testcase classname="com.ot.automation.tests.SanityUnits" name="sanityTestExecutionSeleniumMbtDPUnit" time="0.0">
    <ignored/>
  </testcase> <!-- sanityTestExecutionSeleniumMbtDPUnit -->
  <testcase classname="com.ot.automation.tests.SanityUnits" name="sanityTestFunctionLibrariesMbtUFTUnit" time="0.0">
    <ignored/>
  </testcase> <!-- sanityTestFunctionLibrariesMbtUFTUnit -->
  <testcase classname="com.ot.automation.tests.SanityUnits" name="runSanity" time="0.0">
    <ignored/>
  </testcase> <!-- runSanity -->
  <testcase classname="com.ot.automation.tests.SanityUnits" name="sanityTestExecutionSeleniumMbtUnit" time="0.0">
    <ignored/>
  </testcase> <!-- sanityTestExecutionSeleniumMbtUnit -->
  <testcase classname="com.ot.automation.tests.SanityUnits" name="sanityTestReportMbtSeleniumUnit" time="0.0">
    <ignored/>
  </testcase> <!-- sanityTestReportMbtSeleniumUnit -->
  <testcase classname="com.ot.automation.tests.SanityUnits" name="sanityTestExecutionMbtUnit" time="0.0">
    <ignored/>
  </testcase> <!-- sanityTestExecutionMbtUnit -->
  <testcase classname="com.ot.automation.tests.SanityUnits" name="deleteWorkingWorkspace" time="0.0">
    <ignored/>
  </testcase> <!-- deleteWorkingWorkspace -->
  <testcase classname="com.ot.automation.tests.SanityUnits" name="sanityTestCancelledByUserUnit" time="0.0">
    <ignored/>
  </testcase> <!-- sanityTestCancelledByUserUnit -->
</testsuite> <!-- initializeTest -->
